<?xml version="1.0" encoding="UTF-8"?>
<testng-results skipped="0" failed="0" ignored="0" total="1" passed="1">
  <reporter-output>
  </reporter-output>
  <suite name="Default suite" duration-ms="53" started-at="2019-03-14T11:38:43Z" finished-at="2019-03-14T11:38:43Z">
    <groups>
    </groups>
    <test name="Default test" duration-ms="53" started-at="2019-03-14T11:38:43Z" finished-at="2019-03-14T11:38:43Z">
      <class name="com.qa.test.LoginTest">
        <test-method status="PASS" signature="test1()[pri:0, instance:com.qa.test.LoginTest@6f7fd0e6]" name="test1" duration-ms="0" started-at="2019-03-14T11:38:43Z" finished-at="2019-03-14T11:38:43Z">
          <reporter-output>
          </reporter-output>
        </test-method> <!-- test1 -->
      </class> <!-- com.qa.test.LoginTest -->
    </test> <!-- Default test -->
  </suite> <!-- Default suite -->
</testng-results>
